{"name": "Verify Delete section", "status": "failed", "statusDetails": {"message": "AssertionError: \u001b[31mFAILURE: \u001b[0mcheck Action completed successfully. == An error occurred. Please try again later.: Expecated: Action completed successfully., equal to Founded: An error occurred. Please try again later.\n\u001b[31mtest_chapter_overview_page.py\u001b[0m:486 in test_verify_delete_new_section() -> Baseclass.assert_equals(SUCCESS, alt_msg)\n\u001b[31mbaseclass.py\u001b[0m:145 in assert_equals() -> check.equal(\n\n------------------------------------------------------------\nFailed Checks: 1", "trace": "\u001b[31mFAILURE: \u001b[0mcheck Action completed successfully. == An error occurred. Please try again later.: Expecated: Action completed successfully., equal to Founded: An error occurred. Please try again later.\n\u001b[31mtest_chapter_overview_page.py\u001b[0m:486 in test_verify_delete_new_section() -> Baseclass.assert_equals(SUCCESS, alt_msg)\n\u001b[31mbaseclass.py\u001b[0m:145 in assert_equals() -> check.equal(\n\n------------------------------------------------------------\nFailed Checks: 1"}, "steps": [{"name": "Click on project -'2021 International Mechanical Code'", "status": "passed", "parameters": [{"name": "project_name", "value": "'2021 International Mechanical Code'"}], "start": 1722328960681, "stop": 1722328965572}, {"name": "Click on 'View Project'", "status": "passed", "parameters": [{"name": "text", "value": "'View Project'"}], "start": 1722328965572, "stop": 1722328972822}, {"name": "Click on - 'CHAPTER 16 AUTOMATION TEST'", "status": "passed", "parameters": [{"name": "chapter_name", "value": "'CHAPTER 16 AUTOMATION TEST'"}], "start": 1722328972822, "stop": 1722328975891}, {"name": "Click on - 'Open Chapter Or Appendix'", "status": "passed", "parameters": [{"name": "text", "value": "'Open Chapter Or Appendix'"}], "start": 1722328975891, "stop": 1722328984670}, {"name": "Click on 'SECTION 1601 SECTION DATA' from TOC", "status": "passed", "parameters": [{"name": "section_name", "value": "'SECTION 1601 SECTION DATA'"}], "start": 1722328985671, "stop": 1722328991810}, {"name": "Click on Active content", "status": "passed", "start": 1722328991810, "stop": 1722328999355}, {"name": "Click on 'Delete Entire Section'", "status": "passed", "parameters": [{"name": "button_text", "value": "'Delete Entire Section'"}], "start": 1722328999356, "stop": 1722328999465}, {"name": "click on Delete conformation Checkbox", "status": "passed", "start": 1722329000465, "stop": 1722329000565}, {"name": "click on 'Delete'", "status": "passed", "parameters": [{"name": "button_text", "value": "'Delete'"}], "start": 1722329000565, "stop": 1722329000687}, {"name": "Get alert message", "status": "passed", "steps": [{"name": "An error occurred. Please try again later.", "status": "passed", "start": 1722329007838, "stop": 1722329007838}], "start": 1722329000688, "stop": 1722329007838}, {"name": "Check Section Deleted", "status": "passed", "parameters": [{"name": "section_name", "value": "'SECTION 1601 SECTION DATA'"}], "start": 1722329007838, "stop": 1722329007862}], "attachments": [{"name": "D:\\python program\\ICC-Shop\\Screenshot/test_verify_delete_new_section.png", "source": "c3205783-9a5e-40b7-9a8a-2f8758074ef3-attachment.png", "type": "image/png"}], "start": 1722328960680, "stop": 1722329007872, "uuid": "289dd3bb-482d-42c8-be77-a9d8e1c73b94", "historyId": "4502aa93ee8cd0d69a37aec97917d919", "testCaseId": "4502aa93ee8cd0d69a37aec97917d919", "fullName": "test_cases.test_chapter_overview_page.Test_Chapter_Overview#test_verify_delete_new_section", "labels": [{"name": "severity", "value": "blocker"}, {"name": "epic", "value": "Chapter Overview and Content"}, {"name": "feature", "value": "Section"}, {"name": "tag", "value": "Chapter Overview/Content page"}, {"name": "tag", "value": "dependency(depends=['test_verify_add_new_section'], scope='class')"}, {"name": "tag", "value": "run(order=4)"}, {"name": "tag", "value": "fifth"}, {"name": "parentSuite", "value": "test_cases"}, {"name": "suite", "value": "test_chapter_overview_page"}, {"name": "subSuite", "value": "Test_Chapter_Overview"}, {"name": "host", "value": "IB-Pune-LAP-386"}, {"name": "thread", "value": "12692-MainThread"}, {"name": "framework", "value": "pytest"}, {"name": "language", "value": "cpython3"}, {"name": "package", "value": "test_cases.test_chapter_overview_page"}]}