{"name": "Verify Delete sub-section", "status": "failed", "statusDetails": {"message": "AssertionError: \u001b[31mFAILURE: \u001b[0mcheck Action completed successfully. == An error occurred. Please try again later.: Expecated: Action completed successfully., equal to Founded: An error occurred. Please try again later.\n\u001b[31mtest_chapter_overview_page.py\u001b[0m:465 in test_verify_delete_new_sub_section() -> Baseclass.assert_equals(SUCCESS, alt_msg)\n\u001b[31mbaseclass.py\u001b[0m:145 in assert_equals() -> check.equal(\n\n\u001b[31mFAILURE: \u001b[0mcheck bool(False): Expecated: False, but Founded: False\n------------------------------------------------------------\nFailed Checks: 2", "trace": "\u001b[31mFAILURE: \u001b[0mcheck Action completed successfully. == An error occurred. Please try again later.: Expecated: Action completed successfully., equal to Founded: An error occurred. Please try again later.\n\u001b[31mtest_chapter_overview_page.py\u001b[0m:465 in test_verify_delete_new_sub_section() -> Baseclass.assert_equals(SUCCESS, alt_msg)\n\u001b[31mbaseclass.py\u001b[0m:145 in assert_equals() -> check.equal(\n\n\u001b[31mFAILURE: \u001b[0mcheck bool(False): Expecated: False, but Founded: False\n------------------------------------------------------------\nFailed Checks: 2"}, "steps": [{"name": "Click on project -'2021 International Mechanical Code'", "status": "passed", "parameters": [{"name": "project_name", "value": "'2021 International Mechanical Code'"}], "start": 1722328905934, "stop": 1722328910305}, {"name": "Click on 'View Project'", "status": "passed", "parameters": [{"name": "text", "value": "'View Project'"}], "start": 1722328910306, "stop": 1722328917305}, {"name": "Click on - 'CHAPTER 16 AUTOMATION TEST'", "status": "passed", "parameters": [{"name": "chapter_name", "value": "'CHAPTER 16 AUTOMATION TEST'"}], "start": 1722328917305, "stop": 1722328925882}, {"name": "Click on - 'Open Chapter Or Appendix'", "status": "passed", "parameters": [{"name": "text", "value": "'Open Chapter Or Appendix'"}], "start": 1722328925882, "stop": 1722328934835}, {"name": "Click on 'SECTION 1601 SECTION DATA' from TOC", "status": "passed", "parameters": [{"name": "section_name", "value": "'SECTION 1601 SECTION DATA'"}], "start": 1722328934835, "stop": 1722328941025}, {"name": "Click on sub '1601.1 Sub Section Data' from TOC", "status": "passed", "parameters": [{"name": "sub_section_name", "value": "'1601.1 Sub Section Data'"}], "start": 1722328942037, "stop": 1722328942103}, {"name": "Click on Active content", "status": "passed", "start": 1722328942103, "stop": 1722328950429}, {"name": "Click on 'Delete Entire Section'", "status": "passed", "parameters": [{"name": "button_text", "value": "'Delete Entire Section'"}], "start": 1722328950430, "stop": 1722328950574}, {"name": "click on Delete conformation Checkbox", "status": "passed", "start": 1722328951574, "stop": 1722328951664}, {"name": "click on 'Delete'", "status": "passed", "parameters": [{"name": "button_text", "value": "'Delete'"}], "start": 1722328951664, "stop": 1722328951795}, {"name": "Get alert message", "status": "passed", "steps": [{"name": "An error occurred. Please try again later.", "status": "passed", "start": 1722328958285, "stop": 1722328958285}], "start": 1722328951795, "stop": 1722328958285}, {"name": "Check Sub Section Deleted", "status": "passed", "parameters": [{"name": "subsection_name", "value": "'1601.1 Sub Section Data'"}], "start": 1722328958285, "stop": 1722328958327}], "attachments": [{"name": "D:\\python program\\ICC-Shop\\Screenshot/test_verify_delete_new_sub_section.png", "source": "4e6dd219-a2c5-4492-9aae-1af2e7060087-attachment.png", "type": "image/png"}], "start": 1722328905934, "stop": 1722328958334, "uuid": "9982fa38-a205-42e3-b22a-6464044db350", "historyId": "2fa4789c634259cb86e8b765ec152900", "testCaseId": "2fa4789c634259cb86e8b765ec152900", "fullName": "test_cases.test_chapter_overview_page.Test_Chapter_Overview#test_verify_delete_new_sub_section", "labels": [{"name": "severity", "value": "blocker"}, {"name": "epic", "value": "Chapter Overview and Content"}, {"name": "feature", "value": "Sub-Section"}, {"name": "tag", "value": "Chapter Overview/Content page"}, {"name": "tag", "value": "dependency(depends=['test_verify_add_new_sub_section'], scope='class')"}, {"name": "tag", "value": "run(order=4)"}, {"name": "tag", "value": "fifth"}, {"name": "parentSuite", "value": "test_cases"}, {"name": "suite", "value": "test_chapter_overview_page"}, {"name": "subSuite", "value": "Test_Chapter_Overview"}, {"name": "host", "value": "IB-Pune-LAP-386"}, {"name": "thread", "value": "12692-MainThread"}, {"name": "framework", "value": "pytest"}, {"name": "language", "value": "cpython3"}, {"name": "package", "value": "test_cases.test_chapter_overview_page"}]}